c:\users\justp\onedrive\documents\visual studio 2015\projects\comp345dnd\comp345dnd\debug\vc140.pdb
c:\users\justp\onedrive\documents\visual studio 2015\projects\comp345dnd\comp345dnd\debug\vc140.idb
c:\users\justp\onedrive\documents\visual studio 2015\projects\comp345dnd\comp345dnd\debug\character.obj
c:\users\justp\onedrive\documents\visual studio 2015\projects\comp345dnd\comp345dnd\debug\charactertest.obj
c:\users\justp\onedrive\documents\visual studio 2015\projects\comp345dnd\comp345dnd\debug\comp345dnd.obj
c:\users\justp\onedrive\documents\visual studio 2015\projects\comp345dnd\comp345dnd\debug\fighter.obj
c:\users\justp\onedrive\documents\visual studio 2015\projects\comp345dnd\comp345dnd\debug\game.obj
c:\users\justp\onedrive\documents\visual studio 2015\projects\comp345dnd\comp345dnd\debug\sdlsetup.obj
c:\users\justp\onedrive\documents\visual studio 2015\projects\comp345dnd\comp345dnd\debug\testunit.obj
c:\users\justp\onedrive\documents\visual studio 2015\projects\comp345dnd\comp345dnd\debug\textsprite.obj
c:\users\justp\onedrive\documents\visual studio 2015\projects\comp345dnd\comp345dnd\debug\observer.obj
c:\users\justp\onedrive\documents\visual studio 2015\projects\comp345dnd\comp345dnd\debug\subject.obj
c:\users\justp\onedrive\documents\visual studio 2015\projects\comp345dnd\comp345dnd\debug\characterdetailsview.obj
c:\users\justp\onedrive\documents\github\comp345dnd\comp345dnd\debug\vc140.pdb
c:\users\justp\onedrive\documents\github\comp345dnd\comp345dnd\debug\vc140.idb
c:\users\justp\onedrive\documents\github\comp345dnd\comp345dnd\debug\character.obj
c:\users\justp\onedrive\documents\github\comp345dnd\comp345dnd\debug\charactertest.obj
c:\users\justp\onedrive\documents\github\comp345dnd\comp345dnd\debug\comp345dnd.obj
c:\users\justp\onedrive\documents\github\comp345dnd\comp345dnd\debug\fighter.obj
c:\users\justp\onedrive\documents\github\comp345dnd\comp345dnd\debug\game.obj
c:\users\justp\onedrive\documents\github\comp345dnd\comp345dnd\debug\sdlsetup.obj
c:\users\justp\onedrive\documents\github\comp345dnd\comp345dnd\debug\testunit.obj
c:\users\justp\onedrive\documents\github\comp345dnd\comp345dnd\debug\textsprite.obj
c:\users\justp\onedrive\documents\github\comp345dnd\comp345dnd\debug\campaign.obj
c:\users\justp\onedrive\documents\github\comp345dnd\comp345dnd\debug\campaigntest.obj
c:\users\justp\onedrive\documents\github\comp345dnd\comp345dnd\debug\driver.obj
c:\users\justp\onedrive\documents\github\comp345dnd\comp345dnd\debug\equipment.obj
c:\users\justp\onedrive\documents\github\comp345dnd\comp345dnd\debug\helmet.obj
c:\users\justp\onedrive\documents\github\comp345dnd\comp345dnd\debug\item.obj
c:\users\justp\onedrive\documents\github\comp345dnd\comp345dnd\debug\itemcontainer.obj
c:\users\justp\onedrive\documents\github\comp345dnd\comp345dnd\debug\itemgenerator.obj
c:\users\justp\onedrive\documents\github\comp345dnd\comp345dnd\debug\levelbuilder.obj
c:\users\justp\onedrive\documents\github\comp345dnd\comp345dnd\debug\levelmapbuilder.obj
c:\users\justp\onedrive\documents\github\comp345dnd\comp345dnd\debug\map.obj
c:\users\justp\onedrive\documents\github\comp345dnd\comp345dnd\debug\mapsavebuilder.obj
c:\users\justp\onedrive\documents\github\comp345dnd\comp345dnd\debug\monster.obj
c:\users\justp\onedrive\documents\github\comp345dnd\comp345dnd\debug\node.obj
c:\users\justp\onedrive\documents\github\comp345dnd\comp345dnd\debug\ring.obj
c:\users\justp\onedrive\documents\github\comp345dnd\comp345dnd\debug\runapp.obj
c:\users\justp\onedrive\documents\github\comp345dnd\comp345dnd\debug\shield.obj
c:\users\justp\onedrive\documents\github\comp345dnd\comp345dnd\debug\testlevelmapbuilder.obj
c:\users\justp\onedrive\documents\github\comp345dnd\comp345dnd\debug\testmapsavebuilder.obj
c:\users\justp\onedrive\documents\github\comp345dnd\comp345dnd\debug\weapon.obj
c:\users\justp\onedrive\documents\github\comp345dnd\comp345dnd\debug\armor.obj
c:\users\justp\onedrive\documents\github\comp345dnd\comp345dnd\debug\belt.obj
c:\users\justp\onedrive\documents\github\comp345dnd\comp345dnd\debug\boots.obj
c:\users\justp\onedrive\documents\github\comp345dnd\comp345dnd\debug\itemcreationdriver.obj
c:\users\justp\onedrive\documents\github\comp345dnd\comp345dnd\debug\characterdriver.obj
c:\users\justp\onedrive\documents\visual studio 2015\projects\comp345dnd\debug\comp345dnd.ilk
c:\users\justp\onedrive\documents\visual studio 2015\projects\comp345dnd\debug\comp345dnd.exe
c:\users\justp\onedrive\documents\visual studio 2015\projects\comp345dnd\debug\comp345dnd.pdb
c:\users\justp\onedrive\documents\github\comp345dnd\debug\comp345dnd.ilk
c:\users\justp\onedrive\documents\github\comp345dnd\debug\comp345dnd.exe
c:\users\justp\onedrive\documents\github\comp345dnd\debug\comp345dnd.pdb
c:\users\justp\onedrive\documents\github\comp345dnd\comp345dnd\debug\characterdetailsview.obj
c:\users\justp\onedrive\documents\github\comp345dnd\comp345dnd\debug\observer.obj
c:\users\justp\onedrive\documents\github\comp345dnd\comp345dnd\debug\subject.obj
c:\users\justp\onedrive\documents\github\comp345dnd\comp345dnd\debug\comp345dnd.tlog\cl.command.1.tlog
c:\users\justp\onedrive\documents\github\comp345dnd\comp345dnd\debug\comp345dnd.tlog\cl.read.1.tlog
c:\users\justp\onedrive\documents\github\comp345dnd\comp345dnd\debug\comp345dnd.tlog\cl.write.1.tlog
c:\users\justp\onedrive\documents\github\comp345dnd\comp345dnd\debug\comp345dnd.tlog\link.command.1.tlog
c:\users\justp\onedrive\documents\github\comp345dnd\comp345dnd\debug\comp345dnd.tlog\link.read.1.tlog
c:\users\justp\onedrive\documents\github\comp345dnd\comp345dnd\debug\comp345dnd.tlog\link.write.1.tlog
